<?xml version="1.0" encoding="UTF-8"?>
<!-- Generated by org.testng.reporters.JUnitReportReporter -->
<testsuite hostname="LAPTOP-4T0QT2ND" failures="0" tests="3" name="com.qa.testCase.LoginTestCase" time="5.838" errors="0" timestamp="2022-04-26T22:38:02 IST" skipped="0">
  <testcase classname="com.qa.testCase.LoginTestCase" name="verifyLoginPage" time="1.370"/>
  <system-out/>
  <testcase classname="com.qa.testCase.LoginTestCase" name="verifyPasswordPage" time="3.039"/>
  <system-out/>
  <testcase classname="com.qa.testCase.LoginTestCase" name="verifyLoginbuttonPage" time="1.429"/>
  <system-out/>
</testsuite> <!-- com.qa.testCase.LoginTestCase -->
